<?xml version="1.0" encoding="UTF-8"?>
<!-- Generated by org.testng.reporters.JUnitReportReporter -->
<testsuite ignored="0" hostname="DESKTOP-AI0V8TR" failures="0" tests="1" name="com.admiral.tests.UnitTests" time="0.443" errors="0" timestamp="14 Mar 2018 22:16:21 GMT" skipped="0">
  <testcase classname="com.admiral.tests.UnitTests" name="testCreateWebRow" time="0.443"/>
</testsuite> <!-- com.admiral.tests.UnitTests -->
