<?xml version="1.0" encoding="UTF-8"?>
<!-- Generated by org.testng.reporters.JUnitReportReporter -->
<testsuite name="com.admiral.UnitTests" tests="1" time="0.020" ignored="0" failures="0" timestamp="12 Feb 2018 21:15:50 GMT" skipped="0" hostname="Gareths-MacBook-Air.local" errors="0">
  <testcase name="testPropFile" time="0.020" classname="com.admiral.UnitTests"/>
</testsuite> <!-- com.admiral.UnitTests -->
